<?xml version="1.0" encoding="UTF-8"?>
<!-- Generated by org.testng.reporters.JUnitReportReporter -->
<testsuite hostname="EG-J532MG3" failures="0" tests="2" name="cucumber.TestNGTestRunner" time="28.555" errors="0" timestamp="2024-05-22T06:05:08 EET" skipped="0">
  <testcase classname="cucumber.TestNGTestRunner" name="runScenario" time="9.099"/>
  <system-out/>
  <testcase classname="cucumber.TestNGTestRunner" name="runScenario" time="19.456"/>
  <system-out/>
</testsuite> <!-- cucumber.TestNGTestRunner -->
