<?xml version="1.0" encoding="UTF-8"?>
<!-- Generated by org.testng.reporters.JUnitReportReporter -->
<testsuite hostname="EG-J532MG3" failures="0" tests="1" name="AutomationFramework.AutomationFrameworkProject.Part1_1_login_GetProductList" time="22.697" errors="0" timestamp="2024-05-10T13:54:30 EET" skipped="0">
  <testcase classname="AutomationFramework.AutomationFrameworkProject.Part1_1_login_GetProductList" name="submitOrder" time="22.697"/>
  <system-out/>
</testsuite> <!-- AutomationFramework.AutomationFrameworkProject.Part1_1_login_GetProductList -->
